c:\users\eddie\documents\adventofcode\adventofcode\adventofcode\x64\debug\vc143.pdb
c:\users\eddie\documents\adventofcode\adventofcode\adventofcode\x64\debug\vc143.idb
c:\users\eddie\documents\adventofcode\adventofcode\adventofcode\x64\debug\day1.obj
c:\users\eddie\documents\adventofcode\adventofcode\adventofcode\x64\debug\source.obj
c:\users\eddie\documents\adventofcode\adventofcode\adventofcode\x64\debug\day2.obj
c:\users\eddie\documents\adventofcode\adventofcode\adventofcode\x64\debug\day3.obj
c:\users\eddie\documents\adventofcode\adventofcode\adventofcode\x64\debug\day4.obj
c:\users\eddie\documents\adventofcode\adventofcode\adventofcode\x64\debug\day5.obj
c:\users\eddie\documents\adventofcode\adventofcode\adventofcode\x64\debug\day6.obj
c:\users\eddie\documents\adventofcode\adventofcode\adventofcode\x64\debug\day7.obj
c:\users\eddie\documents\adventofcode\adventofcode\x64\debug\adventofcode.exe
c:\users\eddie\documents\adventofcode\adventofcode\adventofcode\x64\debug\adventofcode.ilk
c:\users\eddie\documents\adventofcode\adventofcode\x64\debug\adventofcode.pdb
c:\users\eddie\documents\adventofcode\adventofcode\adventofcode\x64\debug\day1_1.obj
c:\users\eddie\documents\adventofcode\adventofcode\adventofcode\x64\debug\adventofcode.tlog\cl.command.1.tlog
c:\users\eddie\documents\adventofcode\adventofcode\adventofcode\x64\debug\adventofcode.tlog\cl.read.1.tlog
c:\users\eddie\documents\adventofcode\adventofcode\adventofcode\x64\debug\adventofcode.tlog\cl.write.1.tlog
c:\users\eddie\documents\adventofcode\adventofcode\adventofcode\x64\debug\adventofcode.tlog\link.command.1.tlog
c:\users\eddie\documents\adventofcode\adventofcode\adventofcode\x64\debug\adventofcode.tlog\link.read.1.tlog
c:\users\eddie\documents\adventofcode\adventofcode\adventofcode\x64\debug\adventofcode.tlog\link.write.1.tlog
